<?xml version="1.0" encoding="UTF-8"?>
<testsuite xmlns:xsi="http://www.w3.org/2001/XMLSchema-instance" xsi:noNamespaceSchemaLocation="https://maven.apache.org/surefire/maven-surefire-plugin/xsd/surefire-test-report-3.0.xsd" version="3.0" name="io.project.SpringDemoBoot.SpringBootTelegramApplicationTests" time="5.864" tests="1" errors="0" skipped="0" failures="0">
  <properties>
[...]
</properties>
  <testcase name="contextLoads" classname="io.project.SpringDemoBoot.SpringBootTelegramApplicationTests" time="1.7">
    <system-out><![CDATA[10:12:13.940 [main] INFO org.springframework.test.context.support.AnnotationConfigContextLoaderUtils -- Could not detect default configuration classes for test class [io.project.SpringDemoBoot.SpringBootTelegramApplicationTests]: SpringBootTelegramApplicationTests does not declare any static, non-private, non-final, nested classes annotated with @Configuration.
10:12:14.294 [main] INFO org.springframework.boot.test.context.SpringBootTestContextBootstrapper -- Found @SpringBootConfiguration io.project.SpringDemoBoot.SpringBootTelegramApplication for test class io.project.SpringDemoBoot.SpringBootTelegramApplicationTests

  .   ____          _            __ _ _
 /\\ / ___'_ __ _ _(_)_ __  __ _ \ \ \ \
( ( )\___ | '_ | '_| | '_ \/ _` | \ \ \ \
 \\/  ___)| |_)| | | | | || (_| |  ) ) ) )
  '  |____| .__|_| |_|_| |_\__, | / / / /
 =========|_|==============|___/=/_/_/_/
 :: Spring Boot ::                (v3.2.4)

2024-04-09T10:12:15.561+05:00  INFO 4784 --- [           main] i.p.S.SpringBootTelegramApplicationTests : Starting SpringBootTelegramApplicationTests using Java 21.0.1 with PID 4784 (started by bobosher in C:\Users\bobosher\Downloads\SpringDemoBoot)
2024-04-09T10:12:15.562+05:00  INFO 4784 --- [           main] i.p.S.SpringBootTelegramApplicationTests : No active profile set, falling back to 1 default profile: "default"
2024-04-09T10:12:17.521+05:00  INFO 4784 --- [           main] i.p.S.SpringBootTelegramApplicationTests : Started SpringBootTelegramApplicationTests in 2.948 seconds (process running for 5.38)
]]></system-out>
    <system-err><![CDATA[WARNING: A Java agent has been loaded dynamically (C:\Users\bobosher\.m2\repository\net\bytebuddy\byte-buddy-agent\1.14.12\byte-buddy-agent-1.14.12.jar)
WARNING: If a serviceability tool is in use, please run with -XX:+EnableDynamicAgentLoading to hide this warning
WARNING: If a serviceability tool is not in use, please run with -Djdk.instrument.traceUsage for more information
WARNING: Dynamic loading of agents will be disallowed by default in a future release
]]></system-err>
  </testcase>
</testsuite>